INFO:root:kamma is 0.4
INFO:root:Elasped time is 1096.2771964073181 seconds
INFO:root:Annualized return: 0.24494533065161672
INFO:root:Annualized vol: 0.30312040899029025
INFO:root:Annualized Sharpe ratio: 0.8080793090361097
INFO:root:Avg. turnover: 0.8866722366088796
INFO:gurobipy:Set parameter TimeLimit to value 20
INFO:gurobipy:Set parameter MIPGap to value 0.05
INFO:gurobipy:Set parameter TimeLimit to value 20
INFO:gurobipy:Set parameter TimeLimit to value 20
INFO:gurobipy:Set parameter MIPGap to value 0.05
INFO:gurobipy:Set parameter LogToConsole to value 1
INFO:gurobipy:Gurobi Optimizer version 11.0.0 build v11.0.0rc2 (win64 - Windows 11.0 (22621.2))
INFO:gurobipy:
INFO:gurobipy:CPU model: 12th Gen Intel(R) Core(TM) i7-12700H, instruction set [SSE2|AVX|AVX2]
INFO:gurobipy:Thread count: 14 physical cores, 20 logical processors, using up to 20 threads
INFO:gurobipy:
INFO:gurobipy:Optimize a model with 1152 rows, 1149 columns and 86811 nonzeros
INFO:gurobipy:Model fingerprint: 0xc88fcaf8
INFO:gurobipy:Model has 41186 quadratic objective terms
INFO:gurobipy:Variable types: 718 continuous, 431 integer (431 binary)
INFO:gurobipy:Coefficient statistics:
INFO:gurobipy:  Matrix range     [8e-06, 9e+02]
INFO:gurobipy:  Objective range  [7e-05, 7e-05]
INFO:gurobipy:  QObjective range [1e-05, 2e+00]
INFO:gurobipy:  Bounds range     [1e+00, 1e+00]
INFO:gurobipy:  RHS range        [6e-01, 9e+02]
INFO:gurobipy:
INFO:gurobipy:User MIP start produced solution with objective 0.0515285 (0.06s)
INFO:gurobipy:Loaded user MIP start with objective 0.0515285
INFO:gurobipy:
INFO:gurobipy:Presolve time: 0.16s
INFO:gurobipy:Presolved: 1254 rows, 1200 columns, 87015 nonzeros
INFO:gurobipy:Presolved model has 41237 quadratic objective terms
INFO:gurobipy:Variable types: 769 continuous, 431 integer (431 binary)
INFO:gurobipy:
INFO:gurobipy:Root relaxation: interrupted, 64 iterations, 0.01 seconds (0.00 work units)
INFO:gurobipy:
INFO:gurobipy:    Nodes    |    Current Node    |     Objective Bounds      |     Work
INFO:gurobipy: Expl Unexpl |  Obj  Depth IntInf | Incumbent    BestBd   Gap | It/Node Time
INFO:gurobipy:
INFO:gurobipy:     0     0          -    0         0.05153    0.04936  4.21%     -    0s
INFO:gurobipy:
INFO:gurobipy:Explored 1 nodes (64 simplex iterations) in 0.32 seconds (0.11 work units)
INFO:gurobipy:Thread count was 20 (of 20 available processors)
INFO:gurobipy:
INFO:gurobipy:Solution count 1: 0.0515285 
INFO:gurobipy:
INFO:gurobipy:Optimal solution found (tolerance 5.00e-02)
INFO:gurobipy:Best objective 5.152851328839e-02, best bound 4.936136874648e-02, gap 4.2057%
INFO:gurobipy:Set parameter TimeLimit to value 20
INFO:gurobipy:Set parameter MIPGap to value 0.05
INFO:gurobipy:Set parameter TimeLimit to value 20
INFO:gurobipy:Set parameter TimeLimit to value 20
INFO:gurobipy:Set parameter MIPGap to value 0.05
INFO:gurobipy:Set parameter LogToConsole to value 1
INFO:gurobipy:Gurobi Optimizer version 11.0.0 build v11.0.0rc2 (win64 - Windows 11.0 (22621.2))
INFO:gurobipy:
INFO:gurobipy:CPU model: 12th Gen Intel(R) Core(TM) i7-12700H, instruction set [SSE2|AVX|AVX2]
INFO:gurobipy:Thread count: 14 physical cores, 20 logical processors, using up to 20 threads
INFO:gurobipy:
INFO:gurobipy:Optimize a model with 1725 rows, 1435 columns and 88241 nonzeros
INFO:gurobipy:Model fingerprint: 0x0fd243b4
INFO:gurobipy:Model has 41186 quadratic objective terms
INFO:gurobipy:Variable types: 1004 continuous, 431 integer (431 binary)
INFO:gurobipy:Coefficient statistics:
INFO:gurobipy:  Matrix range     [4e-06, 2e+01]
INFO:gurobipy:  Objective range  [6e-05, 6e-05]
INFO:gurobipy:  QObjective range [4e-06, 5e+00]
INFO:gurobipy:  Bounds range     [1e+00, 1e+00]
INFO:gurobipy:  RHS range        [2e-03, 3e+01]
INFO:gurobipy:
INFO:gurobipy:User MIP start produced solution with objective 0.0948238 (0.03s)
INFO:gurobipy:Loaded user MIP start with objective 0.0948238
INFO:gurobipy:
INFO:gurobipy:Presolve removed 286 rows and 19 columns
INFO:gurobipy:Presolve time: 0.10s
INFO:gurobipy:Presolved: 1489 rows, 1441 columns, 87787 nonzeros
INFO:gurobipy:Presolved model has 41211 quadratic objective terms
INFO:gurobipy:Variable types: 1010 continuous, 431 integer (431 binary)
INFO:gurobipy:
INFO:gurobipy:Root relaxation: interrupted, 753 iterations, 0.07 seconds (0.20 work units)
INFO:gurobipy:
INFO:gurobipy:    Nodes    |    Current Node    |     Objective Bounds      |     Work
INFO:gurobipy: Expl Unexpl |  Obj  Depth IntInf | Incumbent    BestBd   Gap | It/Node Time
INFO:gurobipy:
INFO:gurobipy:     0     0          -    0         0.09482    0.09053  4.52%     -    0s
INFO:gurobipy:
INFO:gurobipy:Explored 1 nodes (753 simplex iterations) in 0.24 seconds (0.35 work units)
INFO:gurobipy:Thread count was 20 (of 20 available processors)
INFO:gurobipy:
INFO:gurobipy:Solution count 1: 0.0948238 
INFO:gurobipy:
INFO:gurobipy:Optimal solution found (tolerance 5.00e-02)
INFO:gurobipy:Best objective 9.482375131567e-02, best bound 9.053370502011e-02, gap 4.5242%
INFO:gurobipy:Set parameter TimeLimit to value 20
INFO:gurobipy:Set parameter MIPGap to value 0.05
INFO:gurobipy:Set parameter TimeLimit to value 20
INFO:gurobipy:Set parameter TimeLimit to value 20
INFO:gurobipy:Set parameter MIPGap to value 0.05
INFO:gurobipy:Set parameter LogToConsole to value 1
INFO:gurobipy:Gurobi Optimizer version 11.0.0 build v11.0.0rc2 (win64 - Windows 11.0 (22621.2))
INFO:gurobipy:
INFO:gurobipy:CPU model: 12th Gen Intel(R) Core(TM) i7-12700H, instruction set [SSE2|AVX|AVX2]
INFO:gurobipy:Thread count: 14 physical cores, 20 logical processors, using up to 20 threads
INFO:gurobipy:
INFO:gurobipy:Optimize a model with 1725 rows, 1435 columns and 88241 nonzeros
INFO:gurobipy:Model fingerprint: 0xbe4853d1
INFO:gurobipy:Model has 41186 quadratic objective terms
INFO:gurobipy:Variable types: 1004 continuous, 431 integer (431 binary)
INFO:gurobipy:Coefficient statistics:
INFO:gurobipy:  Matrix range     [2e-05, 2e+01]
INFO:gurobipy:  Objective range  [2e-05, 2e-05]
INFO:gurobipy:  QObjective range [6e-06, 2e+01]
INFO:gurobipy:  Bounds range     [1e+00, 1e+00]
INFO:gurobipy:  RHS range        [2e-03, 3e+01]
INFO:gurobipy:
INFO:gurobipy:User MIP start produced solution with objective 0.045962 (0.04s)
INFO:gurobipy:Loaded user MIP start with objective 0.045962
INFO:gurobipy:
INFO:gurobipy:Presolve removed 273 rows and 5 columns
INFO:gurobipy:Presolve time: 0.14s
INFO:gurobipy:Presolved: 1520 rows, 1464 columns, 87849 nonzeros
INFO:gurobipy:Presolved model has 41220 quadratic objective terms
INFO:gurobipy:Variable types: 1033 continuous, 431 integer (431 binary)
INFO:gurobipy:
INFO:gurobipy:Root relaxation: interrupted, 1342 iterations, 0.17 seconds (0.35 work units)
INFO:gurobipy:
INFO:gurobipy:    Nodes    |    Current Node    |     Objective Bounds      |     Work
INFO:gurobipy: Expl Unexpl |  Obj  Depth IntInf | Incumbent    BestBd   Gap | It/Node Time
INFO:gurobipy:
INFO:gurobipy:     0     0          -    0         0.04596    0.04500  2.09%     -    0s
INFO:gurobipy:
INFO:gurobipy:Explored 1 nodes (1342 simplex iterations) in 0.41 seconds (0.49 work units)
INFO:gurobipy:Thread count was 20 (of 20 available processors)
INFO:gurobipy:
INFO:gurobipy:Solution count 1: 0.045962 
INFO:gurobipy:
INFO:gurobipy:Optimal solution found (tolerance 5.00e-02)
INFO:gurobipy:Best objective 4.596195578943e-02, best bound 4.499921739550e-02, gap 2.0946%
INFO:gurobipy:Set parameter TimeLimit to value 20
INFO:gurobipy:Set parameter MIPGap to value 0.05
INFO:gurobipy:Set parameter TimeLimit to value 20
INFO:gurobipy:Set parameter TimeLimit to value 20
INFO:gurobipy:Set parameter MIPGap to value 0.05
INFO:gurobipy:Set parameter LogToConsole to value 1
INFO:gurobipy:Gurobi Optimizer version 11.0.0 build v11.0.0rc2 (win64 - Windows 11.0 (22621.2))
INFO:gurobipy:
INFO:gurobipy:CPU model: 12th Gen Intel(R) Core(TM) i7-12700H, instruction set [SSE2|AVX|AVX2]
INFO:gurobipy:Thread count: 14 physical cores, 20 logical processors, using up to 20 threads
INFO:gurobipy:
INFO:gurobipy:Optimize a model with 1725 rows, 1435 columns and 88241 nonzeros
INFO:gurobipy:Model fingerprint: 0x1f0f938a
INFO:gurobipy:Model has 41186 quadratic objective terms
INFO:gurobipy:Variable types: 1004 continuous, 431 integer (431 binary)
INFO:gurobipy:Coefficient statistics:
INFO:gurobipy:  Matrix range     [8e-06, 1e+03]
INFO:gurobipy:  Objective range  [2e-05, 2e-05]
INFO:gurobipy:  QObjective range [9e-06, 5e+00]
INFO:gurobipy:  Bounds range     [1e+00, 1e+00]
INFO:gurobipy:  RHS range        [1e-03, 1e+03]
INFO:gurobipy:
INFO:gurobipy:User MIP start produced solution with objective 0.0363386 (0.03s)
INFO:gurobipy:Loaded user MIP start with objective 0.0363386
INFO:gurobipy:
INFO:gurobipy:Presolve removed 263 rows and 5 columns
INFO:gurobipy:Presolve time: 0.09s
INFO:gurobipy:Presolved: 1532 rows, 1465 columns, 87883 nonzeros
INFO:gurobipy:Presolved model has 41221 quadratic objective terms
INFO:gurobipy:Variable types: 1034 continuous, 431 integer (431 binary)
INFO:gurobipy:
INFO:gurobipy:Root relaxation: objective 3.392760e-02, 1176 iterations, 0.06 seconds (0.16 work units)
INFO:gurobipy:
INFO:gurobipy:    Nodes    |    Current Node    |     Objective Bounds      |     Work
INFO:gurobipy: Expl Unexpl |  Obj  Depth IntInf | Incumbent    BestBd   Gap | It/Node Time
INFO:gurobipy:
INFO:gurobipy:     0     0    0.03393    0  302    0.03634    0.03393  6.63%     -    0s
INFO:gurobipy:     0     0    0.03393    0  307    0.03634    0.03393  6.63%     -    0s
INFO:gurobipy:     0     0    0.03393    0  306    0.03634    0.03393  6.63%     -    0s
INFO:gurobipy:     0     0    0.03393    0  306    0.03634    0.03393  6.63%     -    0s
INFO:gurobipy:     0     0    0.03393    0  306    0.03634    0.03393  6.63%     -    0s
INFO:gurobipy:     0     0    0.03393    0  307    0.03634    0.03393  6.63%     -    1s
INFO:gurobipy:     0     0    0.03393    0  308    0.03634    0.03393  6.63%     -    1s
INFO:gurobipy:     0     0    0.03393    0  308    0.03634    0.03393  6.63%     -    1s
INFO:gurobipy:     0     2    0.03393    0  308    0.03634    0.03393  6.63%     -    2s
INFO:gurobipy:H  127   141                       0.0358181    0.03393  5.28%   264    4s
INFO:gurobipy:H  141   141                       0.0355231    0.03393  4.49%   244    4s
INFO:gurobipy:
INFO:gurobipy:Cutting planes:
INFO:gurobipy:  Implied bound: 2
INFO:gurobipy:  MIR: 20
INFO:gurobipy:  Flow cover: 4
INFO:gurobipy:
INFO:gurobipy:Explored 144 nodes (36480 simplex iterations) in 4.23 seconds (5.58 work units)
INFO:gurobipy:Thread count was 20 (of 20 available processors)
INFO:gurobipy:
INFO:gurobipy:Solution count 3: 0.0355231 0.0358181 0.0363386 
INFO:gurobipy:
INFO:gurobipy:Optimal solution found (tolerance 5.00e-02)
INFO:gurobipy:Best objective 3.552305984848e-02, best bound 3.392759972809e-02, gap 4.4913%
INFO:gurobipy:Set parameter TimeLimit to value 20
INFO:gurobipy:Set parameter MIPGap to value 0.05
INFO:gurobipy:Set parameter TimeLimit to value 20
INFO:gurobipy:Set parameter TimeLimit to value 20
INFO:gurobipy:Set parameter MIPGap to value 0.05
INFO:gurobipy:Set parameter LogToConsole to value 1
INFO:gurobipy:Gurobi Optimizer version 11.0.0 build v11.0.0rc2 (win64 - Windows 11.0 (22621.2))
INFO:gurobipy:
INFO:gurobipy:CPU model: 12th Gen Intel(R) Core(TM) i7-12700H, instruction set [SSE2|AVX|AVX2]
INFO:gurobipy:Thread count: 14 physical cores, 20 logical processors, using up to 20 threads
INFO:gurobipy:
INFO:gurobipy:Optimize a model with 1725 rows, 1435 columns and 88241 nonzeros
INFO:gurobipy:Model fingerprint: 0xebfd8582
INFO:gurobipy:Model has 41186 quadratic objective terms
INFO:gurobipy:Variable types: 1004 continuous, 431 integer (431 binary)
INFO:gurobipy:Coefficient statistics:
INFO:gurobipy:  Matrix range     [2e-05, 8e+02]
INFO:gurobipy:  Objective range  [2e-04, 2e-04]
INFO:gurobipy:  QObjective range [5e-07, 4e+00]
INFO:gurobipy:  Bounds range     [1e+00, 1e+00]
INFO:gurobipy:  RHS range        [8e-04, 8e+02]
INFO:gurobipy:
INFO:gurobipy:User MIP start produced solution with objective 0.19735 (0.03s)
INFO:gurobipy:Loaded user MIP start with objective 0.19735
INFO:gurobipy:
INFO:gurobipy:Presolve removed 263 rows and 5 columns
INFO:gurobipy:Presolve time: 0.12s
INFO:gurobipy:Presolved: 1522 rows, 1460 columns, 87862 nonzeros
INFO:gurobipy:Presolved model has 41216 quadratic objective terms
INFO:gurobipy:Variable types: 1029 continuous, 431 integer (431 binary)
INFO:gurobipy:
INFO:gurobipy:Root relaxation: interrupted, 1201 iterations, 0.07 seconds (0.16 work units)
INFO:gurobipy:
INFO:gurobipy:    Nodes    |    Current Node    |     Objective Bounds      |     Work
INFO:gurobipy: Expl Unexpl |  Obj  Depth IntInf | Incumbent    BestBd   Gap | It/Node Time
INFO:gurobipy:
INFO:gurobipy:     0     0          -    0         0.19735    0.19254  2.44%     -    0s
INFO:gurobipy:
INFO:gurobipy:Explored 1 nodes (1201 simplex iterations) in 0.26 seconds (0.31 work units)
INFO:gurobipy:Thread count was 20 (of 20 available processors)
INFO:gurobipy:
INFO:gurobipy:Solution count 1: 0.19735 
INFO:gurobipy:
INFO:gurobipy:Optimal solution found (tolerance 5.00e-02)
INFO:gurobipy:Best objective 1.973496721807e-01, best bound 1.925362655419e-01, gap 2.4390%
INFO:gurobipy:Set parameter TimeLimit to value 20
INFO:gurobipy:Set parameter MIPGap to value 0.05
INFO:gurobipy:Set parameter TimeLimit to value 20
INFO:gurobipy:Set parameter TimeLimit to value 20
INFO:gurobipy:Set parameter MIPGap to value 0.05
INFO:gurobipy:Set parameter LogToConsole to value 1
INFO:gurobipy:Gurobi Optimizer version 11.0.0 build v11.0.0rc2 (win64 - Windows 11.0 (22621.2))
INFO:gurobipy:
INFO:gurobipy:CPU model: 12th Gen Intel(R) Core(TM) i7-12700H, instruction set [SSE2|AVX|AVX2]
INFO:gurobipy:Thread count: 14 physical cores, 20 logical processors, using up to 20 threads
INFO:gurobipy:
INFO:gurobipy:Optimize a model with 1725 rows, 1435 columns and 88241 nonzeros
INFO:gurobipy:Model fingerprint: 0x4324ca7b
INFO:gurobipy:Model has 41186 quadratic objective terms
INFO:gurobipy:Variable types: 1004 continuous, 431 integer (431 binary)
INFO:gurobipy:Coefficient statistics:
INFO:gurobipy:  Matrix range     [2e-06, 2e+01]
INFO:gurobipy:  Objective range  [1e-04, 1e-04]
INFO:gurobipy:  QObjective range [1e-06, 1e+02]
INFO:gurobipy:  Bounds range     [1e+00, 1e+00]
INFO:gurobipy:  RHS range        [6e-03, 3e+01]
INFO:gurobipy:
INFO:gurobipy:User MIP start produced solution with objective 0.117107 (0.05s)
INFO:gurobipy:Loaded user MIP start with objective 0.117107
INFO:gurobipy:
INFO:gurobipy:Presolve removed 282 rows and 13 columns
INFO:gurobipy:Presolve time: 0.16s
INFO:gurobipy:Presolved: 1531 rows, 1466 columns, 87870 nonzeros
INFO:gurobipy:Presolved model has 41230 quadratic objective terms
INFO:gurobipy:Variable types: 1035 continuous, 431 integer (431 binary)
INFO:gurobipy:
INFO:gurobipy:Root relaxation: interrupted, 814 iterations, 0.16 seconds (0.21 work units)
INFO:gurobipy:
INFO:gurobipy:    Nodes    |    Current Node    |     Objective Bounds      |     Work
INFO:gurobipy: Expl Unexpl |  Obj  Depth IntInf | Incumbent    BestBd   Gap | It/Node Time
INFO:gurobipy:
INFO:gurobipy:     0     0          -    0         0.11711    0.11294  3.56%     -    0s
INFO:gurobipy:
INFO:gurobipy:Explored 1 nodes (814 simplex iterations) in 0.47 seconds (0.36 work units)
INFO:gurobipy:Thread count was 20 (of 20 available processors)
INFO:gurobipy:
INFO:gurobipy:Solution count 1: 0.117107 
INFO:gurobipy:
INFO:gurobipy:Optimal solution found (tolerance 5.00e-02)
INFO:gurobipy:Best objective 1.171072148791e-01, best bound 1.129397344231e-01, gap 3.5587%
INFO:gurobipy:Set parameter TimeLimit to value 20
INFO:gurobipy:Set parameter MIPGap to value 0.05
INFO:gurobipy:Set parameter TimeLimit to value 20
