INFO:root:kamma is 0.8
INFO:root:Elasped time is 1398.7080578804016 seconds
INFO:root:Annualized return: 0.23299838041978038
INFO:root:Annualized vol: 0.28227903599547866
INFO:root:Annualized Sharpe ratio: 0.8254186486009977
INFO:root:Avg. turnover: 0.8193661531149851
INFO:gurobipy:Set parameter TimeLimit to value 20
INFO:gurobipy:Set parameter MIPGap to value 0.05
INFO:gurobipy:Set parameter TimeLimit to value 20
INFO:gurobipy:Set parameter TimeLimit to value 20
INFO:gurobipy:Set parameter MIPGap to value 0.05
INFO:gurobipy:Set parameter TimeLimit to value 20
INFO:gurobipy:Set parameter MIPGap to value 0.05
INFO:gurobipy:Set parameter TimeLimit to value 20
INFO:gurobipy:Set parameter TimeLimit to value 20
INFO:gurobipy:Set parameter MIPGap to value 0.05
INFO:gurobipy:Set parameter TimeLimit to value 20
INFO:gurobipy:Set parameter MIPGap to value 0.05
INFO:gurobipy:Set parameter TimeLimit to value 20
INFO:gurobipy:Set parameter TimeLimit to value 20
INFO:gurobipy:Set parameter MIPGap to value 0.05
INFO:gurobipy:Set parameter TimeLimit to value 20
INFO:gurobipy:Set parameter MIPGap to value 0.05
INFO:gurobipy:Set parameter TimeLimit to value 20
INFO:gurobipy:Set parameter TimeLimit to value 20
INFO:gurobipy:Set parameter MIPGap to value 0.05
INFO:gurobipy:Set parameter TimeLimit to value 20
INFO:gurobipy:Set parameter MIPGap to value 0.05
INFO:gurobipy:Set parameter TimeLimit to value 20
INFO:gurobipy:Set parameter TimeLimit to value 20
INFO:gurobipy:Set parameter MIPGap to value 0.05
INFO:gurobipy:Set parameter TimeLimit to value 20
INFO:gurobipy:Set parameter MIPGap to value 0.05
INFO:gurobipy:Set parameter TimeLimit to value 20
INFO:gurobipy:Set parameter TimeLimit to value 20
INFO:gurobipy:Set parameter MIPGap to value 0.05
INFO:gurobipy:Set parameter TimeLimit to value 20
INFO:gurobipy:Set parameter MIPGap to value 0.05
INFO:gurobipy:Set parameter TimeLimit to value 20
INFO:gurobipy:Set parameter TimeLimit to value 20
INFO:gurobipy:Set parameter MIPGap to value 0.05
INFO:gurobipy:Set parameter TimeLimit to value 20
INFO:gurobipy:Set parameter MIPGap to value 0.05
INFO:gurobipy:Set parameter TimeLimit to value 20
INFO:gurobipy:Set parameter TimeLimit to value 20
INFO:gurobipy:Set parameter MIPGap to value 0.05
INFO:gurobipy:Set parameter TimeLimit to value 20
INFO:gurobipy:Set parameter MIPGap to value 0.05
INFO:gurobipy:Set parameter TimeLimit to value 20
INFO:gurobipy:Set parameter TimeLimit to value 20
INFO:gurobipy:Set parameter MIPGap to value 0.05
INFO:gurobipy:Set parameter TimeLimit to value 20
INFO:gurobipy:Set parameter MIPGap to value 0.05
INFO:gurobipy:Set parameter TimeLimit to value 20
INFO:gurobipy:Set parameter TimeLimit to value 20
INFO:gurobipy:Set parameter MIPGap to value 0.05
INFO:gurobipy:Set parameter TimeLimit to value 20
INFO:gurobipy:Set parameter MIPGap to value 0.05
INFO:gurobipy:Set parameter TimeLimit to value 20
INFO:gurobipy:Set parameter TimeLimit to value 20
INFO:gurobipy:Set parameter MIPGap to value 0.05
INFO:gurobipy:Set parameter TimeLimit to value 20
INFO:gurobipy:Set parameter MIPGap to value 0.05
INFO:gurobipy:Set parameter TimeLimit to value 20
INFO:gurobipy:Set parameter TimeLimit to value 20
INFO:gurobipy:Set parameter MIPGap to value 0.05
INFO:gurobipy:Set parameter TimeLimit to value 20
INFO:gurobipy:Set parameter MIPGap to value 0.05
INFO:gurobipy:Set parameter TimeLimit to value 20
INFO:gurobipy:Set parameter TimeLimit to value 20
INFO:gurobipy:Set parameter MIPGap to value 0.05
INFO:gurobipy:Set parameter TimeLimit to value 20
INFO:gurobipy:Set parameter MIPGap to value 0.05
INFO:gurobipy:Set parameter TimeLimit to value 20
INFO:gurobipy:Set parameter TimeLimit to value 20
INFO:gurobipy:Set parameter MIPGap to value 0.05
INFO:gurobipy:Set parameter TimeLimit to value 20
INFO:gurobipy:Set parameter MIPGap to value 0.05
INFO:gurobipy:Set parameter TimeLimit to value 20
INFO:gurobipy:Set parameter TimeLimit to value 20
INFO:gurobipy:Set parameter MIPGap to value 0.05
INFO:gurobipy:Set parameter TimeLimit to value 20
INFO:gurobipy:Set parameter MIPGap to value 0.05
INFO:gurobipy:Set parameter TimeLimit to value 20
INFO:gurobipy:Set parameter TimeLimit to value 20
INFO:gurobipy:Set parameter MIPGap to value 0.05
INFO:gurobipy:Set parameter TimeLimit to value 20
INFO:gurobipy:Set parameter MIPGap to value 0.05
INFO:gurobipy:Set parameter TimeLimit to value 20
INFO:gurobipy:Set parameter TimeLimit to value 20
INFO:gurobipy:Set parameter MIPGap to value 0.05
INFO:gurobipy:Set parameter TimeLimit to value 20
INFO:gurobipy:Set parameter MIPGap to value 0.05
INFO:gurobipy:Set parameter TimeLimit to value 20
INFO:gurobipy:Set parameter TimeLimit to value 20
INFO:gurobipy:Set parameter MIPGap to value 0.05
INFO:gurobipy:Set parameter TimeLimit to value 20
INFO:gurobipy:Set parameter MIPGap to value 0.05
INFO:gurobipy:Set parameter TimeLimit to value 20
INFO:gurobipy:Set parameter TimeLimit to value 20
INFO:gurobipy:Set parameter MIPGap to value 0.05
INFO:gurobipy:Set parameter TimeLimit to value 20
INFO:gurobipy:Set parameter MIPGap to value 0.05
INFO:gurobipy:Set parameter TimeLimit to value 20
INFO:gurobipy:Set parameter TimeLimit to value 20
INFO:gurobipy:Set parameter MIPGap to value 0.05
INFO:gurobipy:Set parameter TimeLimit to value 20
INFO:gurobipy:Set parameter MIPGap to value 0.05
INFO:gurobipy:Set parameter TimeLimit to value 20
INFO:gurobipy:Set parameter TimeLimit to value 20
INFO:gurobipy:Set parameter MIPGap to value 0.05
INFO:gurobipy:Set parameter TimeLimit to value 20
INFO:gurobipy:Set parameter MIPGap to value 0.05
INFO:gurobipy:Set parameter TimeLimit to value 20
INFO:gurobipy:Set parameter TimeLimit to value 20
INFO:gurobipy:Set parameter MIPGap to value 0.05
INFO:gurobipy:Set parameter TimeLimit to value 20
INFO:gurobipy:Set parameter MIPGap to value 0.05
INFO:gurobipy:Set parameter TimeLimit to value 20
INFO:gurobipy:Set parameter TimeLimit to value 20
INFO:gurobipy:Set parameter MIPGap to value 0.05
INFO:gurobipy:Set parameter TimeLimit to value 20
INFO:gurobipy:Set parameter MIPGap to value 0.05
INFO:gurobipy:Set parameter TimeLimit to value 20
INFO:gurobipy:Set parameter TimeLimit to value 20
INFO:gurobipy:Set parameter MIPGap to value 0.05
INFO:gurobipy:Set parameter TimeLimit to value 20
INFO:gurobipy:Set parameter MIPGap to value 0.05
INFO:gurobipy:Set parameter TimeLimit to value 20
INFO:gurobipy:Set parameter TimeLimit to value 20
INFO:gurobipy:Set parameter MIPGap to value 0.05
INFO:gurobipy:Set parameter TimeLimit to value 20
INFO:gurobipy:Set parameter MIPGap to value 0.05
INFO:gurobipy:Set parameter TimeLimit to value 20
INFO:gurobipy:Set parameter TimeLimit to value 20
INFO:gurobipy:Set parameter MIPGap to value 0.05
INFO:gurobipy:Set parameter TimeLimit to value 20
INFO:gurobipy:Set parameter MIPGap to value 0.05
INFO:gurobipy:Set parameter TimeLimit to value 20
INFO:gurobipy:Set parameter TimeLimit to value 20
INFO:gurobipy:Set parameter MIPGap to value 0.05
INFO:gurobipy:Set parameter TimeLimit to value 20
INFO:gurobipy:Set parameter MIPGap to value 0.05
INFO:gurobipy:Set parameter TimeLimit to value 20
INFO:gurobipy:Set parameter TimeLimit to value 20
INFO:gurobipy:Set parameter MIPGap to value 0.05
INFO:gurobipy:Set parameter TimeLimit to value 20
INFO:gurobipy:Set parameter MIPGap to value 0.05
INFO:gurobipy:Set parameter TimeLimit to value 20
INFO:gurobipy:Set parameter TimeLimit to value 20
INFO:gurobipy:Set parameter MIPGap to value 0.05
INFO:gurobipy:Set parameter TimeLimit to value 20
INFO:gurobipy:Set parameter MIPGap to value 0.05
INFO:gurobipy:Set parameter TimeLimit to value 20
INFO:gurobipy:Set parameter TimeLimit to value 20
INFO:gurobipy:Set parameter MIPGap to value 0.05
INFO:gurobipy:Set parameter TimeLimit to value 20
INFO:gurobipy:Set parameter MIPGap to value 0.05
INFO:gurobipy:Set parameter TimeLimit to value 20
INFO:gurobipy:Set parameter TimeLimit to value 20
INFO:gurobipy:Set parameter MIPGap to value 0.05
INFO:gurobipy:Set parameter TimeLimit to value 20
INFO:gurobipy:Set parameter MIPGap to value 0.05
INFO:gurobipy:Set parameter TimeLimit to value 20
INFO:gurobipy:Set parameter TimeLimit to value 20
INFO:gurobipy:Set parameter MIPGap to value 0.05
INFO:gurobipy:Set parameter TimeLimit to value 20
INFO:gurobipy:Set parameter MIPGap to value 0.05
INFO:gurobipy:Set parameter TimeLimit to value 20
INFO:gurobipy:Set parameter TimeLimit to value 20
INFO:gurobipy:Set parameter MIPGap to value 0.05
INFO:gurobipy:Set parameter TimeLimit to value 20
INFO:gurobipy:Set parameter MIPGap to value 0.05
INFO:gurobipy:Set parameter TimeLimit to value 20
INFO:gurobipy:Set parameter TimeLimit to value 20
INFO:gurobipy:Set parameter MIPGap to value 0.05
INFO:gurobipy:Set parameter TimeLimit to value 20
INFO:gurobipy:Set parameter MIPGap to value 0.05
INFO:gurobipy:Set parameter TimeLimit to value 20
INFO:gurobipy:Set parameter TimeLimit to value 20
INFO:gurobipy:Set parameter MIPGap to value 0.05
INFO:gurobipy:Set parameter TimeLimit to value 20
INFO:gurobipy:Set parameter MIPGap to value 0.05
INFO:gurobipy:Set parameter TimeLimit to value 20
INFO:gurobipy:Set parameter TimeLimit to value 20
INFO:gurobipy:Set parameter MIPGap to value 0.05
INFO:gurobipy:Set parameter TimeLimit to value 20
INFO:gurobipy:Set parameter MIPGap to value 0.05
INFO:gurobipy:Set parameter TimeLimit to value 20
INFO:gurobipy:Set parameter TimeLimit to value 20
INFO:gurobipy:Set parameter MIPGap to value 0.05
INFO:gurobipy:Set parameter TimeLimit to value 20
INFO:gurobipy:Set parameter MIPGap to value 0.05
INFO:gurobipy:Set parameter TimeLimit to value 20
INFO:gurobipy:Set parameter TimeLimit to value 20
INFO:gurobipy:Set parameter MIPGap to value 0.05
INFO:gurobipy:Set parameter TimeLimit to value 20
INFO:gurobipy:Set parameter MIPGap to value 0.05
INFO:gurobipy:Set parameter TimeLimit to value 20
INFO:gurobipy:Set parameter TimeLimit to value 20
INFO:gurobipy:Set parameter MIPGap to value 0.05
INFO:gurobipy:Set parameter TimeLimit to value 20
INFO:gurobipy:Set parameter MIPGap to value 0.05
INFO:gurobipy:Set parameter TimeLimit to value 20
INFO:gurobipy:Set parameter TimeLimit to value 20
INFO:gurobipy:Set parameter MIPGap to value 0.05
INFO:gurobipy:Set parameter TimeLimit to value 20
INFO:gurobipy:Set parameter MIPGap to value 0.05
INFO:gurobipy:Set parameter TimeLimit to value 20
INFO:gurobipy:Set parameter TimeLimit to value 20
INFO:gurobipy:Set parameter MIPGap to value 0.05
INFO:gurobipy:Set parameter TimeLimit to value 20
INFO:gurobipy:Set parameter MIPGap to value 0.05
INFO:gurobipy:Set parameter TimeLimit to value 20
INFO:gurobipy:Set parameter TimeLimit to value 20
INFO:gurobipy:Set parameter MIPGap to value 0.05
INFO:gurobipy:Set parameter TimeLimit to value 20
INFO:gurobipy:Set parameter MIPGap to value 0.05
INFO:gurobipy:Set parameter TimeLimit to value 20
INFO:gurobipy:Set parameter TimeLimit to value 20
INFO:gurobipy:Set parameter MIPGap to value 0.05
INFO:gurobipy:Set parameter TimeLimit to value 20
INFO:gurobipy:Set parameter MIPGap to value 0.05
INFO:gurobipy:Set parameter TimeLimit to value 20
INFO:gurobipy:Set parameter TimeLimit to value 20
INFO:gurobipy:Set parameter MIPGap to value 0.05
INFO:gurobipy:Set parameter TimeLimit to value 20
INFO:gurobipy:Set parameter MIPGap to value 0.05
INFO:gurobipy:Set parameter TimeLimit to value 20
INFO:gurobipy:Set parameter TimeLimit to value 20
INFO:gurobipy:Set parameter MIPGap to value 0.05
INFO:gurobipy:Set parameter TimeLimit to value 20
INFO:gurobipy:Set parameter MIPGap to value 0.05
INFO:gurobipy:Set parameter TimeLimit to value 20
INFO:gurobipy:Set parameter TimeLimit to value 20
INFO:gurobipy:Set parameter MIPGap to value 0.05
INFO:gurobipy:Set parameter TimeLimit to value 20
INFO:gurobipy:Set parameter MIPGap to value 0.05
INFO:gurobipy:Set parameter TimeLimit to value 20
INFO:gurobipy:Set parameter TimeLimit to value 20
INFO:gurobipy:Set parameter MIPGap to value 0.05
INFO:gurobipy:Set parameter TimeLimit to value 20
INFO:gurobipy:Set parameter MIPGap to value 0.05
INFO:gurobipy:Set parameter TimeLimit to value 20
INFO:gurobipy:Set parameter TimeLimit to value 20
INFO:gurobipy:Set parameter MIPGap to value 0.05
