INFO:root:kamma is 0.05
INFO:root:Elasped time is 736.4608135223389 seconds
INFO:root:Annualized return: 0.2539433927429835
INFO:root:Annualized vol: 0.2612251257922072
INFO:root:Annualized Sharpe ratio: 0.9721246835382289
INFO:root:Avg. turnover: 0.8008673637724505
INFO:root:kamma is 0.05
INFO:root:Elasped time is 736.4608135223389 seconds
INFO:root:Annualized return: 0.2602814462575376
INFO:root:Annualized vol: 0.2628379324531081
INFO:root:Annualized Sharpe ratio: 0.9902735264590219
INFO:root:Avg. turnover: 0.8008673637724505
INFO:root:kamma is 0.05
INFO:root:Elasped time is 736.4608135223389 seconds
INFO:root:Annualized return: 0.25923944926214304
INFO:root:Annualized vol: 0.26244141967306983
INFO:root:Annualized Sharpe ratio: 0.9877992947343619
INFO:root:Avg. turnover: 0.8008673637724505
INFO:root:kamma is 0.05
INFO:root:Elasped time is 736.4608135223389 seconds
INFO:root:Annualized return: 0.25923944926214304
INFO:root:Annualized vol: 0.26244141967306983
INFO:root:Annualized Sharpe ratio: 0.9877992947343619
INFO:root:Avg. turnover: 0.8008673637724505
INFO:root:kamma is 0.05
INFO:root:Elasped time is 736.4608135223389 seconds
INFO:root:Annualized return: 0.25923944926214304
INFO:root:Annualized vol: 0.26244141967306983
INFO:root:Annualized Sharpe ratio: 0.9877992947343619
INFO:root:Avg. turnover: 0.8008673637724505
INFO:root:kamma is 0.05
INFO:root:Elasped time is 736.4608135223389 seconds
INFO:root:Annualized return: 0.25923944926214304
INFO:root:Annualized vol: 0.26244141967306983
INFO:root:Annualized Sharpe ratio: 0.9877992947343619
INFO:root:Avg. turnover: 0.8008673637724505
INFO:root:kamma is 0.05
INFO:root:Elasped time is 736.4608135223389 seconds
INFO:root:Annualized return: 0.25923944926214304
INFO:root:Annualized vol: 0.26244141967306983
INFO:root:Annualized Sharpe ratio: 0.9877992947343619
INFO:root:Avg. turnover: 0.8008673637724505
INFO:root:kamma is 0.05
INFO:root:Elasped time is 736.4608135223389 seconds
INFO:root:Annualized return: 0.25923944926214304
INFO:root:Annualized vol: 0.26244141967306983
INFO:root:Annualized Sharpe ratio: 0.9877992947343619
INFO:root:Avg. turnover: 0.8008673637724505
INFO:root:kamma is 0.05
INFO:root:Elasped time is 736.4608135223389 seconds
INFO:root:Annualized return: 0.25923944926214304
INFO:root:Annualized vol: 0.26244141967306983
INFO:root:Annualized Sharpe ratio: 0.9877992947343619
INFO:root:Avg. turnover: 0.8008673637724505
INFO:gurobipy:Set parameter TimeLimit to value 20
INFO:gurobipy:Set parameter MIPGap to value 0.05
INFO:gurobipy:Set parameter TimeLimit to value 20
INFO:gurobipy:Set parameter MIPGap to value 0.05
INFO:gurobipy:Set parameter TimeLimit to value 20
INFO:gurobipy:Set parameter MIPGap to value 0.05
INFO:gurobipy:Set parameter TimeLimit to value 20
INFO:gurobipy:Set parameter MIPGap to value 0.05
INFO:gurobipy:Set parameter TimeLimit to value 20
INFO:gurobipy:Set parameter MIPGap to value 0.05
INFO:gurobipy:Set parameter TimeLimit to value 20
INFO:gurobipy:Set parameter MIPGap to value 0.05
INFO:gurobipy:Set parameter TimeLimit to value 20
INFO:gurobipy:Set parameter MIPGap to value 0.05
INFO:gurobipy:Set parameter TimeLimit to value 20
INFO:gurobipy:Set parameter MIPGap to value 0.05
INFO:gurobipy:Set parameter TimeLimit to value 20
INFO:gurobipy:Set parameter MIPGap to value 0.05
INFO:gurobipy:Set parameter TimeLimit to value 20
INFO:gurobipy:Set parameter MIPGap to value 0.05
INFO:gurobipy:Set parameter TimeLimit to value 20
INFO:gurobipy:Set parameter MIPGap to value 0.05
INFO:gurobipy:Set parameter TimeLimit to value 20
INFO:gurobipy:Set parameter MIPGap to value 0.05
INFO:gurobipy:Set parameter TimeLimit to value 20
INFO:gurobipy:Set parameter MIPGap to value 0.05
INFO:gurobipy:Set parameter TimeLimit to value 20
INFO:gurobipy:Set parameter MIPGap to value 0.05
INFO:gurobipy:Set parameter TimeLimit to value 20
INFO:gurobipy:Set parameter MIPGap to value 0.05
INFO:gurobipy:Set parameter TimeLimit to value 20
INFO:gurobipy:Set parameter MIPGap to value 0.05
INFO:gurobipy:Set parameter TimeLimit to value 20
INFO:gurobipy:Set parameter MIPGap to value 0.05
INFO:gurobipy:Set parameter TimeLimit to value 20
INFO:gurobipy:Set parameter MIPGap to value 0.05
INFO:gurobipy:Set parameter TimeLimit to value 20
INFO:gurobipy:Set parameter MIPGap to value 0.05
INFO:gurobipy:Set parameter TimeLimit to value 20
INFO:gurobipy:Set parameter MIPGap to value 0.05
INFO:gurobipy:Set parameter TimeLimit to value 20
INFO:gurobipy:Set parameter MIPGap to value 0.05
INFO:gurobipy:Set parameter TimeLimit to value 20
INFO:gurobipy:Set parameter MIPGap to value 0.05
INFO:gurobipy:Set parameter TimeLimit to value 20
INFO:gurobipy:Set parameter MIPGap to value 0.05
INFO:gurobipy:Set parameter TimeLimit to value 20
INFO:gurobipy:Set parameter MIPGap to value 0.05
INFO:gurobipy:Set parameter TimeLimit to value 20
INFO:gurobipy:Set parameter MIPGap to value 0.05
INFO:gurobipy:Set parameter TimeLimit to value 20
INFO:gurobipy:Set parameter MIPGap to value 0.05
INFO:gurobipy:Set parameter TimeLimit to value 20
INFO:gurobipy:Set parameter MIPGap to value 0.05
INFO:gurobipy:Set parameter TimeLimit to value 20
INFO:gurobipy:Set parameter MIPGap to value 0.05
INFO:gurobipy:Set parameter TimeLimit to value 20
INFO:gurobipy:Set parameter MIPGap to value 0.05
INFO:gurobipy:Set parameter TimeLimit to value 20
INFO:gurobipy:Set parameter MIPGap to value 0.05
INFO:gurobipy:Set parameter TimeLimit to value 20
INFO:gurobipy:Set parameter MIPGap to value 0.05
INFO:gurobipy:Set parameter TimeLimit to value 20
INFO:gurobipy:Set parameter MIPGap to value 0.05
INFO:gurobipy:Set parameter TimeLimit to value 20
INFO:gurobipy:Set parameter MIPGap to value 0.05
INFO:gurobipy:Set parameter TimeLimit to value 20
INFO:gurobipy:Set parameter MIPGap to value 0.05
INFO:gurobipy:Set parameter TimeLimit to value 20
INFO:gurobipy:Set parameter MIPGap to value 0.05
INFO:gurobipy:Set parameter TimeLimit to value 20
INFO:gurobipy:Set parameter MIPGap to value 0.05
INFO:gurobipy:Set parameter TimeLimit to value 20
INFO:gurobipy:Set parameter MIPGap to value 0.05
INFO:gurobipy:Set parameter TimeLimit to value 20
INFO:gurobipy:Set parameter MIPGap to value 0.05
INFO:gurobipy:Set parameter TimeLimit to value 20
INFO:gurobipy:Set parameter MIPGap to value 0.05
INFO:gurobipy:Set parameter TimeLimit to value 20
INFO:gurobipy:Set parameter MIPGap to value 0.05
INFO:gurobipy:Set parameter TimeLimit to value 20
INFO:gurobipy:Set parameter MIPGap to value 0.05
INFO:gurobipy:Set parameter TimeLimit to value 20
INFO:gurobipy:Set parameter MIPGap to value 0.05
INFO:gurobipy:Set parameter TimeLimit to value 20
INFO:gurobipy:Set parameter MIPGap to value 0.05
INFO:gurobipy:Set parameter TimeLimit to value 20
INFO:gurobipy:Set parameter MIPGap to value 0.05
INFO:gurobipy:Set parameter TimeLimit to value 20
INFO:gurobipy:Set parameter MIPGap to value 0.05
INFO:gurobipy:Set parameter TimeLimit to value 20
INFO:gurobipy:Set parameter MIPGap to value 0.05
INFO:gurobipy:Set parameter TimeLimit to value 20
INFO:gurobipy:Set parameter MIPGap to value 0.05
INFO:gurobipy:Set parameter TimeLimit to value 20
INFO:gurobipy:Set parameter MIPGap to value 0.05
