
INFO:root:Elasped time is 541.5407948493958 seconds
INFO:root:Annualized return: 0.10625132206797971
INFO:root:Annualized vol: 0.1344079044765348
INFO:root:Annualized Sharpe ratio: 0.790513939502191
INFO:root:Avg. turnover: 0.8188428597155359
INFO:gurobipy:Set parameter TimeLimit to value 20
INFO:gurobipy:Set parameter MIPGap to value 0.05
INFO:gurobipy:Set parameter TimeLimit to value 20
INFO:gurobipy:Set parameter TimeLimit to value 20
INFO:gurobipy:Set parameter MIPGap to value 0.05
INFO:gurobipy:Set parameter TimeLimit to value 20
INFO:gurobipy:Set parameter MIPGap to value 0.05
INFO:gurobipy:Set parameter TimeLimit to value 20
INFO:gurobipy:Set parameter TimeLimit to value 20
INFO:gurobipy:Set parameter MIPGap to value 0.05
INFO:gurobipy:Set parameter TimeLimit to value 20
INFO:gurobipy:Set parameter MIPGap to value 0.05
INFO:gurobipy:Set parameter TimeLimit to value 20
INFO:gurobipy:Set parameter TimeLimit to value 20
INFO:gurobipy:Set parameter MIPGap to value 0.05
INFO:gurobipy:Set parameter TimeLimit to value 20
INFO:gurobipy:Set parameter MIPGap to value 0.05
INFO:gurobipy:Set parameter TimeLimit to value 20
INFO:gurobipy:Set parameter TimeLimit to value 20
INFO:gurobipy:Set parameter MIPGap to value 0.05
INFO:gurobipy:Set parameter TimeLimit to value 20
INFO:gurobipy:Set parameter MIPGap to value 0.05
INFO:gurobipy:Set parameter TimeLimit to value 20
INFO:gurobipy:Set parameter TimeLimit to value 20
INFO:gurobipy:Set parameter MIPGap to value 0.05
INFO:gurobipy:Set parameter TimeLimit to value 20
INFO:gurobipy:Set parameter MIPGap to value 0.05
INFO:gurobipy:Set parameter TimeLimit to value 20
INFO:gurobipy:Set parameter TimeLimit to value 20
INFO:gurobipy:Set parameter MIPGap to value 0.05
INFO:gurobipy:Set parameter TimeLimit to value 20
INFO:gurobipy:Set parameter MIPGap to value 0.05
INFO:gurobipy:Set parameter TimeLimit to value 20
INFO:gurobipy:Set parameter TimeLimit to value 20
INFO:gurobipy:Set parameter MIPGap to value 0.05
INFO:gurobipy:Set parameter TimeLimit to value 20
INFO:gurobipy:Set parameter MIPGap to value 0.05
INFO:gurobipy:Set parameter TimeLimit to value 20
INFO:gurobipy:Set parameter TimeLimit to value 20
INFO:gurobipy:Set parameter MIPGap to value 0.05
INFO:gurobipy:Set parameter TimeLimit to value 20
INFO:gurobipy:Set parameter MIPGap to value 0.05
INFO:gurobipy:Set parameter TimeLimit to value 20
INFO:gurobipy:Set parameter TimeLimit to value 20
INFO:gurobipy:Set parameter MIPGap to value 0.05
INFO:gurobipy:Set parameter TimeLimit to value 20
INFO:gurobipy:Set parameter MIPGap to value 0.05
INFO:gurobipy:Set parameter TimeLimit to value 20
INFO:gurobipy:Set parameter TimeLimit to value 20
INFO:gurobipy:Set parameter MIPGap to value 0.05
INFO:gurobipy:Set parameter TimeLimit to value 20
INFO:gurobipy:Set parameter MIPGap to value 0.05
INFO:gurobipy:Set parameter TimeLimit to value 20
INFO:gurobipy:Set parameter TimeLimit to value 20
INFO:gurobipy:Set parameter MIPGap to value 0.05
INFO:gurobipy:Set parameter TimeLimit to value 20
INFO:gurobipy:Set parameter MIPGap to value 0.05
INFO:gurobipy:Set parameter TimeLimit to value 20
INFO:gurobipy:Set parameter TimeLimit to value 20
INFO:gurobipy:Set parameter MIPGap to value 0.05
INFO:gurobipy:Set parameter TimeLimit to value 20
INFO:gurobipy:Set parameter MIPGap to value 0.05
INFO:gurobipy:Set parameter TimeLimit to value 20
INFO:gurobipy:Set parameter TimeLimit to value 20
INFO:gurobipy:Set parameter MIPGap to value 0.05
INFO:gurobipy:Set parameter TimeLimit to value 20
INFO:gurobipy:Set parameter MIPGap to value 0.05
INFO:gurobipy:Set parameter TimeLimit to value 20
INFO:gurobipy:Set parameter TimeLimit to value 20
INFO:gurobipy:Set parameter MIPGap to value 0.05
INFO:gurobipy:Set parameter TimeLimit to value 20
INFO:gurobipy:Set parameter MIPGap to value 0.05
INFO:gurobipy:Set parameter TimeLimit to value 20
INFO:gurobipy:Set parameter TimeLimit to value 20
INFO:gurobipy:Set parameter MIPGap to value 0.05
INFO:gurobipy:Set parameter TimeLimit to value 20
INFO:gurobipy:Set parameter MIPGap to value 0.05
INFO:gurobipy:Set parameter TimeLimit to value 20
INFO:gurobipy:Set parameter TimeLimit to value 20
INFO:gurobipy:Set parameter MIPGap to value 0.05
INFO:gurobipy:Set parameter TimeLimit to value 20
INFO:gurobipy:Set parameter MIPGap to value 0.05
INFO:gurobipy:Set parameter TimeLimit to value 20
INFO:gurobipy:Set parameter TimeLimit to value 20
INFO:gurobipy:Set parameter MIPGap to value 0.05
INFO:gurobipy:Set parameter TimeLimit to value 20
INFO:gurobipy:Set parameter MIPGap to value 0.05
INFO:gurobipy:Set parameter TimeLimit to value 20
INFO:gurobipy:Set parameter TimeLimit to value 20
INFO:gurobipy:Set parameter MIPGap to value 0.05
INFO:gurobipy:Set parameter TimeLimit to value 20
INFO:gurobipy:Set parameter MIPGap to value 0.05
INFO:gurobipy:Set parameter TimeLimit to value 20
INFO:gurobipy:Set parameter TimeLimit to value 20
INFO:gurobipy:Set parameter MIPGap to value 0.05
INFO:gurobipy:Set parameter TimeLimit to value 20
INFO:gurobipy:Set parameter MIPGap to value 0.05
INFO:gurobipy:Set parameter TimeLimit to value 20
INFO:gurobipy:Set parameter TimeLimit to value 20
INFO:gurobipy:Set parameter MIPGap to value 0.05
INFO:gurobipy:Set parameter TimeLimit to value 20
INFO:gurobipy:Set parameter MIPGap to value 0.05
INFO:gurobipy:Set parameter TimeLimit to value 20
INFO:gurobipy:Set parameter TimeLimit to value 20
INFO:gurobipy:Set parameter MIPGap to value 0.05
INFO:gurobipy:Set parameter TimeLimit to value 20
INFO:gurobipy:Set parameter MIPGap to value 0.05
INFO:gurobipy:Set parameter TimeLimit to value 20
INFO:gurobipy:Set parameter TimeLimit to value 20
INFO:gurobipy:Set parameter MIPGap to value 0.05
INFO:gurobipy:Set parameter TimeLimit to value 20
INFO:gurobipy:Set parameter MIPGap to value 0.05
INFO:gurobipy:Set parameter TimeLimit to value 20
INFO:gurobipy:Set parameter TimeLimit to value 20
INFO:gurobipy:Set parameter MIPGap to value 0.05
INFO:gurobipy:Set parameter TimeLimit to value 20
INFO:gurobipy:Set parameter MIPGap to value 0.05
INFO:gurobipy:Set parameter TimeLimit to value 20
INFO:gurobipy:Set parameter TimeLimit to value 20
INFO:gurobipy:Set parameter MIPGap to value 0.05
INFO:gurobipy:Set parameter TimeLimit to value 20
INFO:gurobipy:Set parameter MIPGap to value 0.05
INFO:gurobipy:Set parameter TimeLimit to value 20
INFO:gurobipy:Set parameter TimeLimit to value 20
INFO:gurobipy:Set parameter MIPGap to value 0.05
INFO:gurobipy:Set parameter TimeLimit to value 20
INFO:gurobipy:Set parameter MIPGap to value 0.05
INFO:gurobipy:Set parameter TimeLimit to value 20
INFO:gurobipy:Set parameter TimeLimit to value 20
INFO:gurobipy:Set parameter MIPGap to value 0.05
INFO:gurobipy:Set parameter TimeLimit to value 20
INFO:gurobipy:Set parameter MIPGap to value 0.05
INFO:gurobipy:Set parameter TimeLimit to value 20
INFO:gurobipy:Set parameter TimeLimit to value 20
INFO:gurobipy:Set parameter MIPGap to value 0.05
INFO:gurobipy:Set parameter TimeLimit to value 20
INFO:gurobipy:Set parameter MIPGap to value 0.05
INFO:gurobipy:Set parameter TimeLimit to value 20
INFO:gurobipy:Set parameter TimeLimit to value 20
INFO:gurobipy:Set parameter MIPGap to value 0.05
INFO:gurobipy:Set parameter TimeLimit to value 20
INFO:gurobipy:Set parameter MIPGap to value 0.05
INFO:gurobipy:Set parameter TimeLimit to value 20
INFO:gurobipy:Set parameter TimeLimit to value 20
INFO:gurobipy:Set parameter MIPGap to value 0.05
