INFO:root:Elasped time is 33.21189546585083 seconds
INFO:root:Annualized return: 0.17686791869238672
INFO:root:Annualized vol: 0.16589009603240584
INFO:root:Annualized Sharpe ratio: 1.0661752746097417
INFO:root:Avg. turnover: 0.7490778491421709
INFO:gurobipy:Set parameter TimeLimit to value 20
INFO:gurobipy:Set parameter MIPGap to value 0.05
INFO:gurobipy:Set parameter TimeLimit to value 20
INFO:gurobipy:Set parameter MIPGap to value 0.05
INFO:gurobipy:Set parameter TimeLimit to value 20
INFO:gurobipy:Set parameter MIPGap to value 0.05
INFO:gurobipy:Set parameter TimeLimit to value 20
INFO:gurobipy:Set parameter MIPGap to value 0.05
INFO:gurobipy:Set parameter TimeLimit to value 20
INFO:gurobipy:Set parameter MIPGap to value 0.05
INFO:gurobipy:Set parameter TimeLimit to value 20
INFO:gurobipy:Set parameter MIPGap to value 0.05
INFO:gurobipy:Set parameter TimeLimit to value 20
INFO:gurobipy:Set parameter MIPGap to value 0.05
INFO:gurobipy:Set parameter TimeLimit to value 20
INFO:gurobipy:Set parameter MIPGap to value 0.05
INFO:gurobipy:Set parameter TimeLimit to value 20
INFO:gurobipy:Set parameter MIPGap to value 0.05
INFO:gurobipy:Set parameter TimeLimit to value 20
INFO:gurobipy:Set parameter MIPGap to value 0.05
INFO:gurobipy:Set parameter TimeLimit to value 20
INFO:gurobipy:Set parameter MIPGap to value 0.05
INFO:gurobipy:Set parameter TimeLimit to value 20
INFO:gurobipy:Set parameter MIPGap to value 0.05
INFO:gurobipy:Set parameter TimeLimit to value 20
INFO:gurobipy:Set parameter MIPGap to value 0.05
INFO:gurobipy:Set parameter TimeLimit to value 20
INFO:gurobipy:Set parameter MIPGap to value 0.05
INFO:gurobipy:Set parameter TimeLimit to value 20
INFO:gurobipy:Set parameter MIPGap to value 0.05
INFO:gurobipy:Set parameter TimeLimit to value 20
INFO:gurobipy:Set parameter MIPGap to value 0.05
INFO:gurobipy:Set parameter TimeLimit to value 20
INFO:gurobipy:Set parameter MIPGap to value 0.05
INFO:gurobipy:Set parameter TimeLimit to value 20
INFO:gurobipy:Set parameter MIPGap to value 0.05
INFO:gurobipy:Set parameter TimeLimit to value 20
INFO:gurobipy:Set parameter MIPGap to value 0.05
INFO:gurobipy:Set parameter TimeLimit to value 20
INFO:gurobipy:Set parameter MIPGap to value 0.05
INFO:gurobipy:Set parameter TimeLimit to value 20
INFO:gurobipy:Set parameter MIPGap to value 0.05
INFO:gurobipy:Set parameter TimeLimit to value 20
INFO:gurobipy:Set parameter MIPGap to value 0.05
INFO:gurobipy:Set parameter TimeLimit to value 20
INFO:gurobipy:Set parameter MIPGap to value 0.05
INFO:gurobipy:Set parameter TimeLimit to value 20
INFO:gurobipy:Set parameter MIPGap to value 0.05
INFO:gurobipy:Set parameter TimeLimit to value 20
INFO:gurobipy:Set parameter MIPGap to value 0.05
INFO:gurobipy:Set parameter TimeLimit to value 20
INFO:gurobipy:Set parameter MIPGap to value 0.05
INFO:gurobipy:Set parameter TimeLimit to value 20
INFO:gurobipy:Set parameter MIPGap to value 0.05
INFO:gurobipy:Set parameter TimeLimit to value 20
INFO:gurobipy:Set parameter MIPGap to value 0.05
INFO:gurobipy:Set parameter TimeLimit to value 20
INFO:gurobipy:Set parameter MIPGap to value 0.05
INFO:gurobipy:Set parameter TimeLimit to value 20
INFO:gurobipy:Set parameter MIPGap to value 0.05
INFO:gurobipy:Set parameter TimeLimit to value 20
INFO:gurobipy:Set parameter MIPGap to value 0.05
INFO:gurobipy:Set parameter TimeLimit to value 20
INFO:gurobipy:Set parameter MIPGap to value 0.05
INFO:gurobipy:Set parameter TimeLimit to value 20
INFO:gurobipy:Set parameter MIPGap to value 0.05
INFO:gurobipy:Set parameter TimeLimit to value 20
INFO:gurobipy:Set parameter MIPGap to value 0.05
INFO:gurobipy:Set parameter TimeLimit to value 20
INFO:gurobipy:Set parameter MIPGap to value 0.05
INFO:gurobipy:Set parameter TimeLimit to value 20
INFO:gurobipy:Set parameter MIPGap to value 0.05
INFO:gurobipy:Set parameter TimeLimit to value 20
INFO:gurobipy:Set parameter MIPGap to value 0.05
INFO:gurobipy:Set parameter TimeLimit to value 20
INFO:gurobipy:Set parameter MIPGap to value 0.05
INFO:gurobipy:Set parameter TimeLimit to value 20
INFO:gurobipy:Set parameter MIPGap to value 0.05
INFO:gurobipy:Set parameter TimeLimit to value 20
INFO:gurobipy:Set parameter MIPGap to value 0.05
INFO:gurobipy:Set parameter TimeLimit to value 20
INFO:gurobipy:Set parameter MIPGap to value 0.05
INFO:gurobipy:Set parameter TimeLimit to value 20
INFO:gurobipy:Set parameter MIPGap to value 0.05
INFO:gurobipy:Set parameter TimeLimit to value 20
INFO:gurobipy:Set parameter MIPGap to value 0.05
INFO:gurobipy:Set parameter TimeLimit to value 20
INFO:gurobipy:Set parameter MIPGap to value 0.05
INFO:gurobipy:Set parameter TimeLimit to value 20
INFO:gurobipy:Set parameter MIPGap to value 0.05
INFO:gurobipy:Set parameter TimeLimit to value 20
INFO:gurobipy:Set parameter MIPGap to value 0.05
INFO:gurobipy:Set parameter TimeLimit to value 20
INFO:gurobipy:Set parameter MIPGap to value 0.05
INFO:gurobipy:Set parameter TimeLimit to value 20
INFO:gurobipy:Set parameter MIPGap to value 0.05
